[debug] [2021-04-21T16:27:39.254Z] ----------------------------------------------------------------------
[debug] [2021-04-21T16:27:39.256Z] Command:       /usr/local/Cellar/node/15.7.0/bin/node /usr/local/bin/firebase init
[debug] [2021-04-21T16:27:39.256Z] CLI Version:   9.10.0
[debug] [2021-04-21T16:27:39.256Z] Platform:      darwin
[debug] [2021-04-21T16:27:39.256Z] Node Version:  v15.7.0
[debug] [2021-04-21T16:27:39.257Z] Time:          Wed Apr 21 2021 11:27:39 GMT-0500 (Central Daylight Time)
[debug] [2021-04-21T16:27:39.258Z] ----------------------------------------------------------------------
[debug] 
[debug] [2021-04-21T16:27:39.261Z] > command requires scopes: ["email","openid","https://www.googleapis.com/auth/cloudplatformprojects.readonly","https://www.googleapis.com/auth/firebase","https://www.googleapis.com/auth/cloud-platform"]
[debug] [2021-04-21T16:27:39.261Z] > authorizing via signed-in user (ethancbishop1@gmail.com)
[info] 
     ######## #### ########  ######## ########     ###     ######  ########
     ##        ##  ##     ## ##       ##     ##  ##   ##  ##       ##
     ######    ##  ########  ######   ########  #########  ######  ######
     ##        ##  ##    ##  ##       ##     ## ##     ##       ## ##
     ##       #### ##     ## ######## ########  ##     ##  ######  ########

You're about to initialize a Firebase project in this directory:

  /Users/ethanbishop/Desktop/react-first

Before we get started, keep in mind:

  * You are initializing in an existing Firebase project directory

